<?xml version="1.0" encoding="UTF-8"?>
<!-- Generated by org.testng.reporters.JUnitReportReporter -->
<testsuite skipped="0" hostname="BG01W00160" name="com.automation.gvc.test.TC_001_Login" tests="2" failures="0" timestamp="11 Dec 2018 08:59:13 GMT" time="5.751" errors="0">
  <testcase name="openHomePage" time="5.141" classname="com.automation.gvc.test.TC_001_Login"/>
  <testcase name="openLoginPage" time="0.610" classname="com.automation.gvc.test.TC_001_Login"/>
</testsuite> <!-- com.automation.gvc.test.TC_001_Login -->
